<?xml version="1.0" encoding="UTF-8"?>
<!-- Generated by org.testng.reporters.JUnitXMLReporter -->
<testsuite hostname="RP" ignored="0" name="Test" tests="2" failures="1" timestamp="2022-02-05T11:00:42 IST" time="73.607" errors="0">
  <testcase name="test1" time="53.082" classname="eCommerceApp.TC5"/>
  <testcase name="apiDemoApp" time="19.589" classname="api_debug.APIDemoAppBasics">
    <failure type="org.openqa.selenium.StaleElementReferenceException" message="The element &amp;apos;By.xpath: //android.widget.TextView[@text=&amp;apos;3. Preference dependencies&amp;apos;]&amp;apos; does not exist in DOM anymore
For documentation on this error, please visit: https://www.seleniumhq.org/exceptions/stale_element_reference.html
Build info: version: &amp;apos;3.141.59&amp;apos;, revision: &amp;apos;e82be7d358&amp;apos;, time: &amp;apos;2018-11-14T08:17:03&amp;apos;
System info: host: &amp;apos;RP&amp;apos;, ip: &amp;apos;192.168.56.1&amp;apos;, os.name: &amp;apos;Windows 8&amp;apos;, os.arch: &amp;apos;amd64&amp;apos;, os.version: &amp;apos;6.2&amp;apos;, java.version: &amp;apos;1.8.0_201&amp;apos;
Driver info: io.appium.java_client.android.AndroidDriver
Capabilities {app: C:\Users\Pramod\Desktop\New..., appPackage: io.appium.android.apis, automationName: Uiautomator2, chromeOptions: {w3c: false}, databaseEnabled: false, desired: {app: C:\Users\Pramod\Desktop\New..., automationName: Uiautomator2, chromeOptions: {w3c: false}, deviceName: PramothApp, goog:chromeOptions: {w3c: false}, newCommandTimeout: 15, platformName: android, version: 9.0}, deviceApiLevel: 30, deviceManufacturer: vivo, deviceModel: vivo 1933, deviceName: 244f47d5, deviceScreenDensity: 480, deviceScreenSize: 1080x2400, deviceUDID: 244f47d5, goog:chromeOptions: {w3c: false}, javascriptEnabled: true, locationContextEnabled: false, networkConnectionEnabled: true, newCommandTimeout: 15, pixelRatio: 3, platform: LINUX, platformName: Android, platformVersion: 11, statBarHeight: 123, takesScreenshot: true, version: 9.0, viewportRect: {height: 2154, left: 0, top: 123, width: 1080}, warnings: {}, webStorageEnabled: false}
Session ID: c2f34cf6-48a8-4950-a886-488b215d021e">
      <![CDATA[org.openqa.selenium.StaleElementReferenceException: The element 'By.xpath: //android.widget.TextView[@text='3. Preference dependencies']' does not exist in DOM anymore
For documentation on this error, please visit: https://www.seleniumhq.org/exceptions/stale_element_reference.html
Build info: version: '3.141.59', revision: 'e82be7d358', time: '2018-11-14T08:17:03'
System info: host: 'RP', ip: '192.168.56.1', os.name: 'Windows 8', os.arch: 'amd64', os.version: '6.2', java.version: '1.8.0_201'
Driver info: io.appium.java_client.android.AndroidDriver
Capabilities {app: C:\Users\Pramod\Desktop\New..., appPackage: io.appium.android.apis, automationName: Uiautomator2, chromeOptions: {w3c: false}, databaseEnabled: false, desired: {app: C:\Users\Pramod\Desktop\New..., automationName: Uiautomator2, chromeOptions: {w3c: false}, deviceName: PramothApp, goog:chromeOptions: {w3c: false}, newCommandTimeout: 15, platformName: android, version: 9.0}, deviceApiLevel: 30, deviceManufacturer: vivo, deviceModel: vivo 1933, deviceName: 244f47d5, deviceScreenDensity: 480, deviceScreenSize: 1080x2400, deviceUDID: 244f47d5, goog:chromeOptions: {w3c: false}, javascriptEnabled: true, locationContextEnabled: false, networkConnectionEnabled: true, newCommandTimeout: 15, pixelRatio: 3, platform: LINUX, platformName: Android, platformVersion: 11, statBarHeight: 123, takesScreenshot: true, version: 9.0, viewportRect: {height: 2154, left: 0, top: 123, width: 1080}, warnings: {}, webStorageEnabled: false}
Session ID: c2f34cf6-48a8-4950-a886-488b215d021e
at org.openqa.selenium.remote.http.W3CHttpResponseCodec.createException(W3CHttpResponseCodec.java:187)
at org.openqa.selenium.remote.http.W3CHttpResponseCodec.decode(W3CHttpResponseCodec.java:122)
at org.openqa.selenium.remote.http.W3CHttpResponseCodec.decode(W3CHttpResponseCodec.java:49)
at org.openqa.selenium.remote.HttpCommandExecutor.execute(HttpCommandExecutor.java:158)
at io.appium.java_client.remote.AppiumCommandExecutor.execute(AppiumCommandExecutor.java:250)
at org.openqa.selenium.remote.RemoteWebDriver.execute(RemoteWebDriver.java:552)
at io.appium.java_client.DefaultGenericMobileDriver.execute(DefaultGenericMobileDriver.java:41)
at io.appium.java_client.AppiumDriver.execute(AppiumDriver.java:1)
at io.appium.java_client.android.AndroidDriver.execute(AndroidDriver.java:1)
at org.openqa.selenium.remote.RemoteWebElement.execute(RemoteWebElement.java:285)
at io.appium.java_client.DefaultGenericMobileElement.execute(DefaultGenericMobileElement.java:45)
at io.appium.java_client.MobileElement.execute(MobileElement.java:1)
at io.appium.java_client.android.AndroidElement.execute(AndroidElement.java:1)
at org.openqa.selenium.remote.RemoteWebElement.click(RemoteWebElement.java:84)
at io.appium.java_client.pagefactory.ElementInterceptor.getObject(ElementInterceptor.java:40)
at io.appium.java_client.pagefactory.interceptors.InterceptorOfASingleElement.intercept(InterceptorOfASingleElement.java:60)
at io.appium.java_client.android.AndroidElement$$EnhancerByCGLIB$$b598166c.click(<generated>)
at api_debug.APIDemoAppBasics.apiDemoApp(APIDemoAppBasics.java:34)
at java.util.ArrayList.forEach(Unknown Source)
... Removed 35 stack frames]]>
    </failure>
  </testcase> <!-- apiDemoApp -->
</testsuite> <!-- Test -->
